Flow report for riscv
Tue Dec 15 15:23:40 2020
Quartus II 32-bit Version 13.0.1 Build 232 06/12/2013 Service Pack 1 SJ Web Edition


---------------------
; Table of Contents ;
---------------------
  1. Legal Notice
  2. Flow Summary
  3. Flow Settings
  4. Flow Non-Default Global Settings
  5. Flow Elapsed Time
  6. Flow OS Summary
  7. Flow Log
  8. Flow Messages
  9. Flow Suppressed Messages



----------------
; Legal Notice ;
----------------
Copyright (C) 1991-2013 Altera Corporation
Your use of Altera Corporation's design tools, logic functions 
and other software and tools, and its AMPP partner logic 
functions, and any output files from any of the foregoing 
(including device programming or simulation files), and any 
associated documentation or information are expressly subject 
to the terms and conditions of the Altera Program License 
Subscription Agreement, Altera MegaCore Function License 
Agreement, or other applicable license agreement, including, 
without limitation, that your use is for the sole purpose of 
programming logic devices manufactured by Altera and sold by 
Altera or its authorized distributors.  Please refer to the 
applicable agreement for further details.



+--------------------------------------------------------------------------------------+
; Flow Summary                                                                         ;
+------------------------------------+-------------------------------------------------+
; Flow Status                        ; Successful - Tue Dec 15 15:23:40 2020           ;
; Quartus II 32-bit Version          ; 13.0.1 Build 232 06/12/2013 SP 1 SJ Web Edition ;
; Revision Name                      ; riscv                                           ;
; Top-level Entity Name              ; register_file                                   ;
; Family                             ; Cyclone II                                      ;
; Total logic elements               ; 1,392 / 4,608 ( 30 % )                          ;
;     Total combinational functions  ; 1,392 / 4,608 ( 30 % )                          ;
;     Dedicated logic registers      ; 1,024 / 4,608 ( 22 % )                          ;
; Total registers                    ; 1024                                            ;
; Total pins                         ; 113 / 158 ( 72 % )                              ;
; Total virtual pins                 ; 0                                               ;
; Total memory bits                  ; 0 / 119,808 ( 0 % )                             ;
; Embedded Multiplier 9-bit elements ; 0 / 26 ( 0 % )                                  ;
; Total PLLs                         ; 0 / 2 ( 0 % )                                   ;
; Device                             ; EP2C5F256C6                                     ;
; Timing Models                      ; Final                                           ;
+------------------------------------+-------------------------------------------------+


+-----------------------------------------+
; Flow Settings                           ;
+-------------------+---------------------+
; Option            ; Setting             ;
+-------------------+---------------------+
; Start date & time ; 12/15/2020 15:22:57 ;
; Main task         ; Compilation         ;
; Revision Name     ; riscv               ;
+-------------------+---------------------+


+-------------------------------------------------------------------------------------------------------------------+
; Flow Non-Default Global Settings                                                                                  ;
+--------------------------------------+---------------------------+---------------+---------------+----------------+
; Assignment Name                      ; Value                     ; Default Value ; Entity Name   ; Section Id     ;
+--------------------------------------+---------------------------+---------------+---------------+----------------+
; COMPILER_SIGNATURE_ID                ; 0.160802597727144         ; --            ; --            ; --             ;
; EDA_NATIVELINK_SIMULATION_TEST_BENCH ; stimulus                  ; --            ; --            ; eda_simulation ;
; EDA_OUTPUT_DATA_FORMAT               ; Verilog Hdl               ; --            ; --            ; eda_simulation ;
; EDA_SIMULATION_TOOL                  ; ModelSim-Altera (Verilog) ; <None>        ; --            ; --             ;
; EDA_TEST_BENCH_ENABLE_STATUS         ; TEST_BENCH_MODE           ; --            ; --            ; eda_simulation ;
; EDA_TIME_SCALE                       ; 1 ps                      ; --            ; --            ; eda_simulation ;
; PARTITION_COLOR                      ; 16764057                  ; --            ; register_file ; Top            ;
; PARTITION_FITTER_PRESERVATION_LEVEL  ; PLACEMENT_AND_ROUTING     ; --            ; register_file ; Top            ;
; PARTITION_NETLIST_TYPE               ; SOURCE                    ; --            ; register_file ; Top            ;
; PROJECT_OUTPUT_DIRECTORY             ; output_files              ; --            ; --            ; --             ;
; TOP_LEVEL_ENTITY                     ; register_file             ; riscv         ; --            ; --             ;
+--------------------------------------+---------------------------+---------------+---------------+----------------+


+-------------------------------------------------------------------------------------------------------------------------------+
; Flow Elapsed Time                                                                                                             ;
+---------------------------+--------------+-------------------------+---------------------+------------------------------------+
; Module Name               ; Elapsed Time ; Average Processors Used ; Peak Virtual Memory ; Total CPU Time (on all processors) ;
+---------------------------+--------------+-------------------------+---------------------+------------------------------------+
; Analysis & Synthesis      ; 00:00:07     ; 1.0                     ; 339 MB              ; 00:00:07                           ;
; Fitter                    ; 00:00:16     ; 1.0                     ; 410 MB              ; 00:00:15                           ;
; Assembler                 ; 00:00:01     ; 1.0                     ; 325 MB              ; 00:00:02                           ;
; TimeQuest Timing Analyzer ; 00:00:02     ; 1.0                     ; 313 MB              ; 00:00:02                           ;
; EDA Netlist Writer        ; 00:00:03     ; 1.0                     ; 313 MB              ; 00:00:03                           ;
; Total                     ; 00:00:29     ; --                      ; --                  ; 00:00:29                           ;
+---------------------------+--------------+-------------------------+---------------------+------------------------------------+


+---------------------------------------------------------------------------------------------+
; Flow OS Summary                                                                             ;
+---------------------------+------------------+----------------+------------+----------------+
; Module Name               ; Machine Hostname ; OS Name        ; OS Version ; Processor type ;
+---------------------------+------------------+----------------+------------+----------------+
; Analysis & Synthesis      ; omkar            ; Ubuntu 16.04.7 ; 16         ; x86_64         ;
; Fitter                    ; omkar            ; Ubuntu 16.04.7 ; 16         ; x86_64         ;
; Assembler                 ; omkar            ; Ubuntu 16.04.7 ; 16         ; x86_64         ;
; TimeQuest Timing Analyzer ; omkar            ; Ubuntu 16.04.7 ; 16         ; x86_64         ;
; EDA Netlist Writer        ; omkar            ; Ubuntu 16.04.7 ; 16         ; x86_64         ;
+---------------------------+------------------+----------------+------------+----------------+


------------
; Flow Log ;
------------
quartus_map --read_settings_files=on --write_settings_files=off riscv -c riscv
quartus_fit --read_settings_files=off --write_settings_files=off riscv -c riscv
quartus_asm --read_settings_files=off --write_settings_files=off riscv -c riscv
quartus_sta riscv -c riscv
quartus_eda --read_settings_files=off --write_settings_files=off riscv -c riscv



